[34mDEBUG[0m argv=["/home/m/Projects/yeet-and-yoink/target/release/yeet-and-yoink", "focus", "west"]
[34mDEBUG[0m focus: dir=west
[34mDEBUG[0m niri: connecting to IPC socket
[34mDEBUG[0m niri: IPC socket connected
[34mDEBUG[0m niri: connecting to IPC socket
[34mDEBUG[0m niri: IPC socket connected
[34mDEBUG[0m niri: requesting focused window
[34mDEBUG[0m niri: focused window id=76 app_id=Some("kitty") pid=Some(262979)
[34mDEBUG[0m resolve_chain: app_id=kitty pid=262979 title=jumping-quasar | zsh in tmp
[34mDEBUG[0m resolve_terminal_chain: pid=262979 fg_hint=None fg_base=
[34mDEBUG[0m resolve_terminal_chain: shell_candidates=[262986]
[34mDEBUG[0m resolve_terminal_chain: selected shell pid=262986
[34mDEBUG[0m resolve_terminal_chain: fg= tmux descendants under shell 262986 => []
[34mDEBUG[0m resolve_terminal_chain: final depth=1
[34mDEBUG[0m resolve_chain: terminal depth=1
[34mDEBUG[0m niri: requesting focused window
[34mDEBUG[0m niri: focused window id=76 app_id=Some("kitty") pid=Some(262979)
[34mDEBUG[0m resolve_chain: app_id=kitty pid=262979 title=jumping-quasar | zsh in tmp
[34mDEBUG[0m resolve_terminal_chain: pid=262979 fg_hint=None fg_base=
[34mDEBUG[0m resolve_terminal_chain: shell_candidates=[262986]
[34mDEBUG[0m resolve_terminal_chain: selected shell pid=262986
[34mDEBUG[0m resolve_terminal_chain: fg= tmux descendants under shell 262986 => []
[34mDEBUG[0m resolve_terminal_chain: final depth=1
[34mDEBUG[0m resolve_chain: terminal depth=1
[34mDEBUG[0m orchestrator: app focus handled by terminal
[34mDEBUG[0m command completed successfully
